<?xml version="1.0" encoding="UTF-8"?>
<!-- Generated by org.testng.reporters.JUnitReportReporter -->
<testsuite hostname="Dikshaa" failures="0" tests="1" name="testCases.TC_001_AccountRegistrationTest" time="34.099" errors="0" timestamp="2023-04-28T08:46:29 IST" skipped="0">
  <testcase classname="testCases.TC_001_AccountRegistrationTest" name="test_account_Registration" time="34.099"/>
  <system-out/>
</testsuite> <!-- testCases.TC_001_AccountRegistrationTest -->
